# Logfile created on Fri Apr 22 11:36:37 +0200 2011 by logger.rb/22285
REQUESTING PAGE: GET http://localhost:4080/ with {} and HTTP headers {}
REQUESTING PAGE: GET http://localhost:4080/login/LoginPage.web?action=2 with {} and HTTP headers {"HTTP_REFERER"=>"http://localhost:4080/"}
REQUESTING PAGE: GET http://localhost:4080/ with {} and HTTP headers {}
REQUESTING PAGE: GET http://localhost:4080/login/LoginPage.web?action=2 with {} and HTTP headers {"HTTP_REFERER"=>"http://localhost:4080/"}
REQUESTING PAGE: GET http://localhost:4080/ with {} and HTTP headers {}
REQUESTING PAGE: GET http://localhost:4080/login/LoginPage.web?action=2 with {} and HTTP headers {"HTTP_REFERER"=>"http://localhost:4080/"}
REQUESTING PAGE: GET http://localhost:4080/ with {} and HTTP headers {}
REQUESTING PAGE: GET http://localhost:4080/login/LoginPage.web?action=2 with {} and HTTP headers {"HTTP_REFERER"=>"http://localhost:4080/"}
REQUESTING PAGE: GET http://www.google.nl with {} and HTTP headers {}
REQUESTING PAGE: GET http://www.google.nl with {} and HTTP headers {}
REQUESTING PAGE: GET http://www.google.nl with {} and HTTP headers {}
REQUESTING PAGE: GET http://localhost:4080/ with {} and HTTP headers {}
REQUESTING PAGE: GET http://localhost:4080/login/LoginPage.web?action=2 with {} and HTTP headers {"HTTP_REFERER"=>"http://localhost:4080/"}
REQUESTING PAGE: GET http://localhost:4080/ with {} and HTTP headers {}
REQUESTING PAGE: GET http://localhost:4080// with {} and HTTP headers {"HTTP_REFERER"=>"http://localhost:4080/"}
REQUESTING PAGE: GET http://localhost:4080/login/LoginPage.web with {} and HTTP headers {"HTTP_REFERER"=>"http://localhost:4080//"}
REQUESTING PAGE: GET http://localhost:4080/login/LoginPage.web?action=2 with {} and HTTP headers {"HTTP_REFERER"=>"http://localhost:4080/login/LoginPage.web"}
REQUESTING PAGE: GET http://localhost:4080/ with {} and HTTP headers {}
REQUESTING PAGE: GET http://localhost:4080// with {} and HTTP headers {"HTTP_REFERER"=>"http://localhost:4080/"}
REQUESTING PAGE: GET http://localhost:4080/login/LoginPage.web with {} and HTTP headers {"HTTP_REFERER"=>"http://localhost:4080//"}
REQUESTING PAGE: GET http://localhost:4080/login/LoginPage.web?action=2 with {} and HTTP headers {"HTTP_REFERER"=>"http://localhost:4080/login/LoginPage.web"}
REQUESTING PAGE: GET http://localhost:4080/ with {} and HTTP headers {}
REQUESTING PAGE: GET http://localhost:4080// with {} and HTTP headers {"HTTP_REFERER"=>"http://localhost:4080/"}
REQUESTING PAGE: GET http://localhost:4080/login/LoginPage.web with {} and HTTP headers {"HTTP_REFERER"=>"http://localhost:4080//"}
REQUESTING PAGE: GET http://localhost:4080/login/LoginPage.web?action=2 with {} and HTTP headers {"HTTP_REFERER"=>"http://localhost:4080/login/LoginPage.web"}
REQUESTING PAGE: GET http://localhost:4080/ with {} and HTTP headers {}
REQUESTING PAGE: GET http://localhost:4080// with {} and HTTP headers {"HTTP_REFERER"=>"http://localhost:4080/"}
REQUESTING PAGE: GET http://localhost:4080/login/LoginPage.web with {} and HTTP headers {"HTTP_REFERER"=>"http://localhost:4080//"}
REQUESTING PAGE: GET http://localhost:4080/login/LoginPage.web?action=2 with {} and HTTP headers {"HTTP_REFERER"=>"http://localhost:4080/login/LoginPage.web"}
REQUESTING PAGE: GET http://localhost:4080/login/LoginPage.web?action=2 with {} and HTTP headers {"HTTP_REFERER"=>"http://localhost:4080/login/LoginPage.web?action=2"}
REQUESTING PAGE: GET http://localhost:4080/ with {} and HTTP headers {}
REQUESTING PAGE: GET http://localhost:4080// with {} and HTTP headers {"HTTP_REFERER"=>"http://localhost:4080/"}
REQUESTING PAGE: GET http://localhost:4080/login/LoginPage.web with {} and HTTP headers {"HTTP_REFERER"=>"http://localhost:4080//"}
REQUESTING PAGE: GET http://localhost:4080/login/LoginPage.web?action=2 with {} and HTTP headers {"HTTP_REFERER"=>"http://localhost:4080/login/LoginPage.web"}
REQUESTING PAGE: GET http://localhost:4080/login/LoginPage.web?action=2 with {} and HTTP headers {"HTTP_REFERER"=>"http://localhost:4080/login/LoginPage.web?action=2"}
REQUESTING PAGE: GET http://localhost:4080/ with {} and HTTP headers {}
REQUESTING PAGE: GET http://localhost:4080// with {} and HTTP headers {"HTTP_REFERER"=>"http://localhost:4080/"}
REQUESTING PAGE: GET http://localhost:4080/login/LoginPage.web with {} and HTTP headers {"HTTP_REFERER"=>"http://localhost:4080//"}
REQUESTING PAGE: GET http://localhost:4080/login/LoginPage.web?action=2 with {} and HTTP headers {"HTTP_REFERER"=>"http://localhost:4080/login/LoginPage.web"}
REQUESTING PAGE: GET http://localhost:4080/ with {} and HTTP headers {}
REQUESTING PAGE: GET http://localhost:4080// with {} and HTTP headers {"HTTP_REFERER"=>"http://localhost:4080/"}
REQUESTING PAGE: GET http://localhost:4080/login/LoginPage.web with {} and HTTP headers {"HTTP_REFERER"=>"http://localhost:4080//"}
REQUESTING PAGE: GET http://localhost:4080/login/LoginPage.web?action=2 with {} and HTTP headers {"HTTP_REFERER"=>"http://localhost:4080/login/LoginPage.web"}
REQUESTING PAGE: GET http://localhost:4080/login/LoginPage.web?action=2 with {} and HTTP headers {"HTTP_REFERER"=>"http://localhost:4080/login/LoginPage.web?action=2"}
REQUESTING PAGE: GET http://localhost:4080/ with {} and HTTP headers {}
REQUESTING PAGE: GET http://localhost:4080// with {} and HTTP headers {"HTTP_REFERER"=>"http://localhost:4080/"}
REQUESTING PAGE: GET http://localhost:4080/login/LoginPage.web with {} and HTTP headers {"HTTP_REFERER"=>"http://localhost:4080//"}
REQUESTING PAGE: GET http://localhost:4080/login/LoginPage.web?action=2 with {} and HTTP headers {"HTTP_REFERER"=>"http://localhost:4080/login/LoginPage.web"}
REQUESTING PAGE: GET http://localhost:4080/login/LoginPage.web?action=2 with {} and HTTP headers {"HTTP_REFERER"=>"http://localhost:4080/login/LoginPage.web?action=2"}
REQUESTING PAGE: GET http://localhost:4080/ with {} and HTTP headers {}
REQUESTING PAGE: GET http://localhost:4080// with {} and HTTP headers {"HTTP_REFERER"=>"http://localhost:4080/"}
REQUESTING PAGE: GET http://localhost:4080/login/LoginPage.web with {} and HTTP headers {"HTTP_REFERER"=>"http://localhost:4080//"}
REQUESTING PAGE: GET http://localhost:4080/login/LoginPage.web?action=2 with {} and HTTP headers {"HTTP_REFERER"=>"http://localhost:4080/login/LoginPage.web"}
REQUESTING PAGE: GET http://localhost:4080/ with {} and HTTP headers {}
REQUESTING PAGE: GET http://localhost:4080// with {} and HTTP headers {"HTTP_REFERER"=>"http://localhost:4080/"}
REQUESTING PAGE: GET http://localhost:4080/login/LoginPage.web with {} and HTTP headers {"HTTP_REFERER"=>"http://localhost:4080//"}
REQUESTING PAGE: GET http://localhost:4080/login/LoginPage.web/ with {} and HTTP headers {"HTTP_REFERER"=>"http://localhost:4080/login/LoginPage.web"}
REQUESTING PAGE: GET http://localhost:4080/login/LoginPage.web?action=2 with {} and HTTP headers {"HTTP_REFERER"=>"http://localhost:4080/login/LoginPage.web"}
REQUESTING PAGE: GET http://localhost:4080/mytasks/UserTasksPage.web with {} and HTTP headers {}
REQUESTING PAGE: GET http://localhost:4080/login/LoginPage.web?action=2 with {} and HTTP headers {"HTTP_REFERER"=>"http://localhost:4080/mytasks/UserTasksPage.web"}
REQUESTING PAGE: GET http://localhost:4080/mytasks/UserTasksPage.web with {} and HTTP headers {}
REQUESTING PAGE: GET http://localhost:4080/login/LoginPage.web?action=2 with {} and HTTP headers {"HTTP_REFERER"=>"http://localhost:4080/mytasks/UserTasksPage.web"}
REQUESTING PAGE: GET http://localhost:4080/mytasks/UserTasksPage.web with {} and HTTP headers {}
REQUESTING PAGE: GET /vscan/OverviewPage.web with {} and HTTP headers {"HTTP_REFERER"=>"http://localhost:4080/mytasks/UserTasksPage.web"}
REQUESTING PAGE: GET http://localhost:4080/login/LoginPage.web?action=2 with {} and HTTP headers {"HTTP_REFERER"=>"/vscan/OverviewPage.web"}
REQUESTING PAGE: GET http://localhost:4080/mytasks/UserTasksPage.web with {} and HTTP headers {}
REQUESTING PAGE: GET /vscan/OverviewPage.web with {} and HTTP headers {"HTTP_REFERER"=>"http://localhost:4080/mytasks/UserTasksPage.web"}
REQUESTING PAGE: GET http://localhost:4080/login/LoginPage.web?action=2 with {} and HTTP headers {"HTTP_REFERER"=>"/vscan/OverviewPage.web"}
REQUESTING PAGE: GET http://localhost:4080/mytasks/UserTasksPage.web with {} and HTTP headers {}
REQUESTING PAGE: GET /vscan/OverviewPage.web with {} and HTTP headers {"HTTP_REFERER"=>"http://localhost:4080/mytasks/UserTasksPage.web"}
REQUESTING PAGE: GET http://localhost:4080/login/LoginPage.web?action=2 with {} and HTTP headers {"HTTP_REFERER"=>"/vscan/OverviewPage.web"}
REQUESTING PAGE: GET http://localhost:4080/ with {} and HTTP headers {}
REQUESTING PAGE: GET http://localhost:4080/login/LoginPage.web?action=2 with {} and HTTP headers {"HTTP_REFERER"=>"http://localhost:4080/"}
REQUESTING PAGE: GET http://localhost:4080/login/LoginPage.web with {} and HTTP headers {}
REQUESTING PAGE: GET http://localhost:4080/login/LoginPage.web/ with {} and HTTP headers {"HTTP_REFERER"=>"http://localhost:4080/login/LoginPage.web"}
REQUESTING PAGE: GET http://localhost:4080/login/LoginPage.web with {} and HTTP headers {}
REQUESTING PAGE: GET http://localhost:4080/login/LoginPage.web/ with {} and HTTP headers {"HTTP_REFERER"=>"http://localhost:4080/login/LoginPage.web"}
REQUESTING PAGE: GET http://localhost:4080/login/LoginPage.web with {} and HTTP headers {}
REQUESTING PAGE: GET http://localhost:4080/login/LoginPage.web/ with {} and HTTP headers {"HTTP_REFERER"=>"http://localhost:4080/login/LoginPage.web"}
REQUESTING PAGE: GET http://localhost:3001/ with {} and HTTP headers {}
REQUESTING PAGE: GET http://localhost:3001/ with {} and HTTP headers {}
REQUESTING PAGE: GET http://localhost:3001/ with {} and HTTP headers {}
REQUESTING PAGE: GET http://localhost:3001/ with {} and HTTP headers {}
REQUESTING PAGE: GET http://localhost:3001/ with {} and HTTP headers {}
REQUESTING PAGE: GET http://www.google.nl with {} and HTTP headers {}
REQUESTING PAGE: GET http://www.google.nl with {} and HTTP headers {}
REQUESTING PAGE: GET http://www.google.nl with {} and HTTP headers {}
REQUESTING PAGE: GET http://localhost:3001/ with {} and HTTP headers {}
REQUESTING PAGE: GET http://localhost:3001/ with {} and HTTP headers {}
REQUESTING PAGE: GET http://localhost:3001/ with {} and HTTP headers {}
REQUESTING PAGE: GET http://localhost:3001/ with {} and HTTP headers {}
REQUESTING PAGE: GET http://localhost:3001/ with {} and HTTP headers {}
REQUESTING PAGE: GET http://www.google.nl with {} and HTTP headers {}
REQUESTING PAGE: GET http://localhost:3001/ with {} and HTTP headers {}
REQUESTING PAGE: GET http://localhost:3001/ with {} and HTTP headers {}
REQUESTING PAGE: GET http://localhost:3001/ with {} and HTTP headers {}
